<?xml version="1.0" encoding="UTF-8"?>
<!-- Generated by org.testng.reporters.JUnitReportReporter -->
<testsuite skipped="0" hostname="Asus-PC" name="com.actitime.tests.VerifyVersionTest" tests="1" failures="0" timestamp="2018-12-03T16:43:49 IST" time="10.511" errors="0">
  <testcase name="testVerifyVersion" time="10.511" classname="com.actitime.tests.VerifyVersionTest"/>
</testsuite> <!-- com.actitime.tests.VerifyVersionTest -->
