<?xml version="1.0" encoding="UTF-8"?>
<!-- Generated by org.testng.reporters.JUnitReportReporter -->
<testsuite skipped="0" hostname="Asus-PC" name="com.actitime.tests.VerifyBuildNumberTest" tests="1" failures="0" timestamp="2018-12-03T16:43:49 IST" time="15.418" errors="0">
  <testcase name="verifyBuildNo" time="15.418" classname="com.actitime.tests.VerifyBuildNumberTest"/>
</testsuite> <!-- com.actitime.tests.VerifyBuildNumberTest -->
